{"C:\\Users\\Moses\\Desktop\\TsJs\\extraction\\binning\\src\\binning.ts": {"path":"C:\\Users\\Moses\\Desktop\\TsJs\\extraction\\binning\\src\\binning.ts","all":false,"statementMap":{"0":{"start":{"line":1,"column":0},"end":{"line":1,"column":3}},"1":{"start":{"line":2,"column":0},"end":{"line":2,"column":24}},"2":{"start":{"line":3,"column":0},"end":{"line":3,"column":3}},"3":{"start":{"line":4,"column":0},"end":{"line":4,"column":22}},"4":{"start":{"line":5,"column":0},"end":{"line":5,"column":5}},"5":{"start":{"line":6,"column":0},"end":{"line":6,"column":17}},"6":{"start":{"line":7,"column":0},"end":{"line":7,"column":5}},"7":{"start":{"line":8,"column":0},"end":{"line":8,"column":10}},"8":{"start":{"line":9,"column":0},"end":{"line":9,"column":17}},"9":{"start":{"line":10,"column":0},"end":{"line":10,"column":18}},"10":{"start":{"line":11,"column":0},"end":{"line":11,"column":3}},"11":{"start":{"line":12,"column":0},"end":{"line":12,"column":0}},"12":{"start":{"line":13,"column":0},"end":{"line":13,"column":5}},"13":{"start":{"line":14,"column":0},"end":{"line":14,"column":20}},"14":{"start":{"line":15,"column":0},"end":{"line":15,"column":5}},"15":{"start":{"line":16,"column":0},"end":{"line":16,"column":18}},"16":{"start":{"line":17,"column":0},"end":{"line":17,"column":1}},"17":{"start":{"line":18,"column":0},"end":{"line":18,"column":0}},"18":{"start":{"line":19,"column":0},"end":{"line":19,"column":3}},"19":{"start":{"line":20,"column":0},"end":{"line":20,"column":21}},"20":{"start":{"line":21,"column":0},"end":{"line":21,"column":3}},"21":{"start":{"line":22,"column":0},"end":{"line":22,"column":24}},"22":{"start":{"line":23,"column":0},"end":{"line":23,"column":0}},"23":{"start":{"line":24,"column":0},"end":{"line":24,"column":3}},"24":{"start":{"line":25,"column":0},"end":{"line":25,"column":51}},"25":{"start":{"line":26,"column":0},"end":{"line":26,"column":2}},"26":{"start":{"line":27,"column":0},"end":{"line":27,"column":29}},"27":{"start":{"line":28,"column":0},"end":{"line":28,"column":32}},"28":{"start":{"line":29,"column":0},"end":{"line":29,"column":45}},"29":{"start":{"line":30,"column":0},"end":{"line":30,"column":3}},"30":{"start":{"line":31,"column":0},"end":{"line":31,"column":76}},"31":{"start":{"line":32,"column":0},"end":{"line":32,"column":33}},"32":{"start":{"line":33,"column":0},"end":{"line":33,"column":0}},"33":{"start":{"line":34,"column":0},"end":{"line":34,"column":31}},"34":{"start":{"line":35,"column":0},"end":{"line":35,"column":25}},"35":{"start":{"line":36,"column":0},"end":{"line":36,"column":75}},"36":{"start":{"line":37,"column":0},"end":{"line":37,"column":5}},"37":{"start":{"line":38,"column":0},"end":{"line":38,"column":3}},"38":{"start":{"line":39,"column":0},"end":{"line":39,"column":0}},"39":{"start":{"line":40,"column":0},"end":{"line":40,"column":34}},"40":{"start":{"line":41,"column":0},"end":{"line":41,"column":55}},"41":{"start":{"line":42,"column":0},"end":{"line":42,"column":29}},"42":{"start":{"line":43,"column":0},"end":{"line":43,"column":33}},"43":{"start":{"line":44,"column":0},"end":{"line":44,"column":47}},"44":{"start":{"line":45,"column":0},"end":{"line":45,"column":0}},"45":{"start":{"line":46,"column":0},"end":{"line":46,"column":29}},"46":{"start":{"line":47,"column":0},"end":{"line":47,"column":52}},"47":{"start":{"line":48,"column":0},"end":{"line":48,"column":35}},"48":{"start":{"line":49,"column":0},"end":{"line":49,"column":25}},"49":{"start":{"line":50,"column":0},"end":{"line":50,"column":23}},"50":{"start":{"line":51,"column":0},"end":{"line":51,"column":14}},"51":{"start":{"line":52,"column":0},"end":{"line":52,"column":40}},"52":{"start":{"line":53,"column":0},"end":{"line":53,"column":26}},"53":{"start":{"line":54,"column":0},"end":{"line":54,"column":8}},"54":{"start":{"line":55,"column":0},"end":{"line":55,"column":12}},"55":{"start":{"line":56,"column":0},"end":{"line":56,"column":7}},"56":{"start":{"line":57,"column":0},"end":{"line":57,"column":0}},"57":{"start":{"line":58,"column":0},"end":{"line":58,"column":66}},"58":{"start":{"line":59,"column":0},"end":{"line":59,"column":24}},"59":{"start":{"line":60,"column":0},"end":{"line":60,"column":18}},"60":{"start":{"line":61,"column":0},"end":{"line":61,"column":32}},"61":{"start":{"line":62,"column":0},"end":{"line":62,"column":0}},"62":{"start":{"line":63,"column":0},"end":{"line":63,"column":37}},"63":{"start":{"line":64,"column":0},"end":{"line":64,"column":11}},"64":{"start":{"line":65,"column":0},"end":{"line":65,"column":31}},"65":{"start":{"line":66,"column":0},"end":{"line":66,"column":48}},"66":{"start":{"line":67,"column":0},"end":{"line":67,"column":7}},"67":{"start":{"line":68,"column":0},"end":{"line":68,"column":16}},"68":{"start":{"line":69,"column":0},"end":{"line":69,"column":5}},"69":{"start":{"line":70,"column":0},"end":{"line":70,"column":11}},"70":{"start":{"line":71,"column":0},"end":{"line":71,"column":22}},"71":{"start":{"line":72,"column":0},"end":{"line":72,"column":59}},"72":{"start":{"line":73,"column":0},"end":{"line":73,"column":7}},"73":{"start":{"line":74,"column":0},"end":{"line":74,"column":16}},"74":{"start":{"line":75,"column":0},"end":{"line":75,"column":5}},"75":{"start":{"line":76,"column":0},"end":{"line":76,"column":48}},"76":{"start":{"line":77,"column":0},"end":{"line":77,"column":40}},"77":{"start":{"line":78,"column":0},"end":{"line":78,"column":5}},"78":{"start":{"line":79,"column":0},"end":{"line":79,"column":0}},"79":{"start":{"line":80,"column":0},"end":{"line":80,"column":61}},"80":{"start":{"line":81,"column":0},"end":{"line":81,"column":0}},"81":{"start":{"line":82,"column":0},"end":{"line":82,"column":53}},"82":{"start":{"line":83,"column":0},"end":{"line":83,"column":30}},"83":{"start":{"line":84,"column":0},"end":{"line":84,"column":3}},"84":{"start":{"line":85,"column":0},"end":{"line":85,"column":0}},"85":{"start":{"line":86,"column":0},"end":{"line":86,"column":13}},"86":{"start":{"line":87,"column":0},"end":{"line":87,"column":1}}},"s":{"0":1,"1":1,"2":1,"3":1,"4":1,"5":1,"6":1,"7":1,"8":1,"9":1,"10":1,"11":1,"12":1,"13":1,"14":1,"15":1,"16":1,"17":1,"18":1,"19":1,"20":1,"21":1,"22":1,"23":1,"24":1,"25":1,"26":1,"27":1,"28":1,"29":1,"30":5,"31":5,"32":5,"33":5,"34":2,"35":2,"36":2,"37":2,"38":3,"39":3,"40":3,"41":3,"42":3,"43":3,"44":3,"45":3,"46":3,"47":3,"48":3,"49":3,"50":11,"51":11,"52":11,"53":11,"54":11,"55":3,"56":3,"57":3,"58":3,"59":3,"60":3,"61":3,"62":5,"63":11,"64":11,"65":35,"66":11,"67":24,"68":24,"69":11,"70":11,"71":46,"72":11,"73":35,"74":35,"75":11,"76":32,"77":32,"78":11,"79":11,"80":11,"81":11,"82":11,"83":11,"84":3,"85":3,"86":3},"branchMap":{"0":{"type":"branch","line":31,"loc":{"start":{"line":31,"column":0},"end":{"line":87,"column":1}},"locations":[{"start":{"line":31,"column":0},"end":{"line":87,"column":1}}]},"1":{"type":"branch","line":34,"loc":{"start":{"line":34,"column":30},"end":{"line":38,"column":3}},"locations":[{"start":{"line":34,"column":30},"end":{"line":38,"column":3}}]},"2":{"type":"branch","line":39,"loc":{"start":{"line":39,"column":-2},"end":{"line":63,"column":36}},"locations":[{"start":{"line":39,"column":-2},"end":{"line":63,"column":36}}]},"3":{"type":"branch","line":63,"loc":{"start":{"line":63,"column":36},"end":{"line":84,"column":3}},"locations":[{"start":{"line":63,"column":36},"end":{"line":84,"column":3}}]},"4":{"type":"branch","line":65,"loc":{"start":{"line":65,"column":28},"end":{"line":66,"column":48}},"locations":[{"start":{"line":65,"column":28},"end":{"line":66,"column":48}}]},"5":{"type":"branch","line":67,"loc":{"start":{"line":67,"column":6},"end":{"line":69,"column":5}},"locations":[{"start":{"line":67,"column":6},"end":{"line":69,"column":5}}]},"6":{"type":"branch","line":71,"loc":{"start":{"line":71,"column":19},"end":{"line":72,"column":59}},"locations":[{"start":{"line":71,"column":19},"end":{"line":72,"column":59}}]},"7":{"type":"branch","line":73,"loc":{"start":{"line":73,"column":6},"end":{"line":75,"column":5}},"locations":[{"start":{"line":73,"column":6},"end":{"line":75,"column":5}}]},"8":{"type":"branch","line":76,"loc":{"start":{"line":76,"column":47},"end":{"line":78,"column":5}},"locations":[{"start":{"line":76,"column":47},"end":{"line":78,"column":5}}]},"9":{"type":"branch","line":85,"loc":{"start":{"line":85,"column":-2},"end":{"line":87,"column":1}},"locations":[{"start":{"line":85,"column":-2},"end":{"line":87,"column":1}}]},"10":{"type":"branch","line":41,"loc":{"start":{"line":41,"column":31},"end":{"line":41,"column":54}},"locations":[{"start":{"line":41,"column":31},"end":{"line":41,"column":54}}]},"11":{"type":"branch","line":50,"loc":{"start":{"line":50,"column":9},"end":{"line":55,"column":12}},"locations":[{"start":{"line":50,"column":9},"end":{"line":55,"column":12}}]},"12":{"type":"branch","line":53,"loc":{"start":{"line":53,"column":21},"end":{"line":53,"column":24}},"locations":[{"start":{"line":53,"column":21},"end":{"line":53,"column":24}}]},"13":{"type":"branch","line":53,"loc":{"start":{"line":53,"column":21},"end":{"line":53,"column":26}},"locations":[{"start":{"line":53,"column":21},"end":{"line":53,"column":26}}]}},"b":{"0":[5],"1":[2],"2":[3],"3":[11],"4":[35],"5":[24],"6":[46],"7":[35],"8":[32],"9":[3],"10":[29],"11":[11],"12":[7],"13":[4]},"fnMap":{"0":{"name":"toBins","decl":{"start":{"line":31,"column":0},"end":{"line":87,"column":1}},"loc":{"start":{"line":31,"column":0},"end":{"line":87,"column":1}},"line":31}},"f":{"0":5}}
}
