TN:
SF:src\binning.ts
FN:31,toBins
FNF:1
FNH:1
FNDA:5,toBins
DA:1,1
DA:2,1
DA:3,1
DA:4,1
DA:5,1
DA:6,1
DA:7,1
DA:8,1
DA:9,1
DA:10,1
DA:11,1
DA:12,1
DA:13,1
DA:14,1
DA:15,1
DA:16,1
DA:17,1
DA:18,1
DA:19,1
DA:20,1
DA:21,1
DA:22,1
DA:23,1
DA:24,1
DA:25,1
DA:26,1
DA:27,1
DA:28,1
DA:29,1
DA:30,1
DA:31,5
DA:32,5
DA:33,5
DA:34,5
DA:35,2
DA:36,2
DA:37,2
DA:38,2
DA:39,3
DA:40,3
DA:41,3
DA:42,3
DA:43,3
DA:44,3
DA:45,3
DA:46,3
DA:47,3
DA:48,3
DA:49,3
DA:50,3
DA:51,11
DA:52,11
DA:53,11
DA:54,11
DA:55,11
DA:56,3
DA:57,3
DA:58,3
DA:59,3
DA:60,3
DA:61,3
DA:62,3
DA:63,5
DA:64,11
DA:65,11
DA:66,35
DA:67,11
DA:68,24
DA:69,24
DA:70,11
DA:71,11
DA:72,46
DA:73,11
DA:74,35
DA:75,35
DA:76,11
DA:77,32
DA:78,32
DA:79,11
DA:80,11
DA:81,11
DA:82,11
DA:83,11
DA:84,11
DA:85,3
DA:86,3
DA:87,3
LF:87
LH:87
BRDA:31,0,0,5
BRDA:34,1,0,2
BRDA:39,2,0,3
BRDA:63,3,0,11
BRDA:65,4,0,35
BRDA:67,5,0,24
BRDA:71,6,0,46
BRDA:73,7,0,35
BRDA:76,8,0,32
BRDA:85,9,0,3
BRDA:41,10,0,29
BRDA:50,11,0,11
BRDA:53,12,0,7
BRDA:53,13,0,4
BRF:14
BRH:14
end_of_record
